<?xml version="1.0" encoding="UTF-8"?>
<!-- Generated by org.testng.reporters.JUnitXMLReporter -->
<testsuite ignored="0" hostname="LWKA-JN6ZQ73" failures="2" tests="2" name="Test" time="7.75" errors="0" timestamp="2022-01-09T13:28:13 MEZ">
  <testcase classname="practise.AppiumFramework.Ecommerce_tc_4" name="totalValidation" time="4.659">
    <failure type="java.lang.NullPointerException" message="Cannot invoke &amp;quot;String.contains(java.lang.CharSequence)&amp;quot; because &amp;quot;device&amp;quot; is null">
      <![CDATA[java.lang.NullPointerException: Cannot invoke "String.contains(java.lang.CharSequence)" because "device" is null
at practise.AppiumFramework.base.capabilities(base.java:77)
at practise.AppiumFramework.Ecommerce_tc_4.totalValidation(Ecommerce_tc_4.java:27)
at java.base/java.util.ArrayList.forEach(ArrayList.java:1511)
... Removed 27 stack frames]]>
    </failure>
  </testcase> <!-- totalValidation -->
  <testcase classname="practise.AppiumFramework.Ecommerce_tc_4" name="totalValidation" time="4.671">
    <failure type="java.lang.NullPointerException" message="Cannot invoke &amp;quot;org.openqa.selenium.TakesScreenshot.getScreenshotAs(org.openqa.selenium.OutputType)&amp;quot; because &amp;quot;practise.AppiumFramework.base.driver&amp;quot; is null">
      <![CDATA[java.lang.NullPointerException: Cannot invoke "org.openqa.selenium.TakesScreenshot.getScreenshotAs(org.openqa.selenium.OutputType)" because "practise.AppiumFramework.base.driver" is null
at practise.AppiumFramework.base.getScreenshot(base.java:95)
at resources.Listeners.onTestFailure(Listeners.java:33)
at java.base/java.util.ArrayList.forEach(ArrayList.java:1511)
... Removed 24 stack frames]]>
    </failure>
  </testcase> <!-- totalValidation -->
</testsuite> <!-- Test -->
